f:\github\lviewlol\lview\debug\vc141.pdb
f:\github\lviewlol\lview\debug\vc141.idb
f:\github\lviewlol\lview\debug\lasthitassistview.obj
f:\github\lviewlol\lview\debug\keyselector.obj
f:\github\lviewlol\lview\debug\input.obj
f:\github\lviewlol\lview\debug\indicatorsview.obj
f:\github\lviewlol\lview\debug\imgui_widgets.obj
f:\github\lviewlol\lview\debug\imgui_tables.obj
f:\github\lviewlol\lview\debug\imgui_impl_win32.obj
f:\github\lviewlol\lview\debug\imgui_impl_dx9.obj
f:\github\lviewlol\lview\debug\imgui_draw.obj
f:\github\lviewlol\lview\debug\imgui_demo.obj
f:\github\lviewlol\lview\debug\imgui.obj
f:\github\lviewlol\lview\debug\herotrackerview.obj
f:\github\lviewlol\lview\debug\gameobject.obj
f:\github\lviewlol\lview\debug\debugview.obj
f:\github\lviewlol\lview\debug\configset.obj
f:\github\lviewlol\lview\debug\championmasterview.obj
f:\github\lviewlol\lview\debug\champion.obj
f:\github\lviewlol\lview\debug\benchmarkingview.obj
f:\github\lviewlol\lview\debug\baseview.obj
f:\github\lviewlol\lview\debug\visiontrackerview.obj
f:\github\lviewlol\lview\debug\utils.obj
f:\github\lviewlol\lview\debug\ui.obj
f:\github\lviewlol\lview\debug\tfcardpickerview.obj
f:\github\lviewlol\lview\debug\spelltrackerview.obj
f:\github\lviewlol\lview\debug\spell.obj
f:\github\lviewlol\lview\debug\renderer.obj
f:\github\lviewlol\lview\debug\offsets.obj
f:\github\lviewlol\lview\debug\lview.obj
f:\github\lviewlol\lview\debug\leaguememoryreader.obj
f:\github\lviewlol\debug\consoleapplication.exe
f:\github\lviewlol\debug\consoleapplication.ilk
f:\github\lviewlol\debug\consoleapplication.pdb
f:\github\lviewlol\lview\debug\lview.tlog\cl.command.1.tlog
f:\github\lviewlol\lview\debug\lview.tlog\cl.read.1.tlog
f:\github\lviewlol\lview\debug\lview.tlog\cl.write.1.tlog
f:\github\lviewlol\lview\debug\lview.tlog\link.command.1.tlog
f:\github\lviewlol\lview\debug\lview.tlog\link.read.1.tlog
f:\github\lviewlol\lview\debug\lview.tlog\link.write.1.tlog
