f:\github\lview\lview\debug\vc141.pdb
f:\github\lview\lview\debug\vc141.idb
f:\github\lview\lview\debug\utils.obj
f:\github\lview\lview\debug\ui.obj
f:\github\lview\lview\debug\structs.obj
f:\github\lview\lview\debug\offsets.obj
f:\github\lview\lview\debug\lview.obj
f:\github\lview\lview\debug\leagueprocesshook.obj
f:\github\lview\lview\debug\imgui_widgets.obj
f:\github\lview\lview\debug\imgui_tables.obj
f:\github\lview\lview\debug\imgui_impl_win32.obj
f:\github\lview\lview\debug\imgui_impl_dx9.obj
f:\github\lview\lview\debug\imgui_draw.obj
f:\github\lview\lview\debug\imgui_demo.obj
f:\github\lview\lview\debug\imgui.obj
f:\github\lview\debug\lview.exe
f:\github\lview\debug\lview.ilk
f:\github\lview\debug\lview.pdb
f:\github\lview\lview\debug\lview.tlog\cl.command.1.tlog
f:\github\lview\lview\debug\lview.tlog\cl.read.1.tlog
f:\github\lview\lview\debug\lview.tlog\cl.write.1.tlog
f:\github\lview\lview\debug\lview.tlog\link.command.1.tlog
f:\github\lview\lview\debug\lview.tlog\link.read.1.tlog
f:\github\lview\lview\debug\lview.tlog\link.write.1.tlog
