  BaseView.cpp
  BenchmarkingView.cpp
  c:\program files (x86)\windows kits\10\include\10.0.17763.0\um\dinput.h: DIRECTINPUT_VERSION undefined. Defaulting to version 0x0800
  Champion.cpp
  ChampionMasterView.cpp
  ConfigSet.cpp
  DebugView.cpp
  c:\program files (x86)\windows kits\10\include\10.0.17763.0\um\dinput.h: DIRECTINPUT_VERSION undefined. Defaulting to version 0x0800
f:\github\lviewlol\lview\debugview.cpp(70): warning C4267: 'initializing': conversion from 'size_t' to 'int', possible loss of data
f:\github\lviewlol\lview\configset.h(41): warning C4244: 'return': conversion from 'float' to 'T', possible loss of data
          with
          [
              T=int
          ]
  f:\github\lviewlol\lview\debugview.cpp(181): note: see reference to function template instantiation 'T ConfigSet::Get<int>(std::string,T)' being compiled
          with
          [
              T=int
          ]
  GameObject.cpp
  HeroTrackerView.cpp
  c:\program files (x86)\windows kits\10\include\10.0.17763.0\um\dinput.h: DIRECTINPUT_VERSION undefined. Defaulting to version 0x0800
f:\github\lviewlol\lview\configset.h(39): warning C4244: 'return': conversion from 'int' to 'T', possible loss of data
          with
          [
              T=float
          ]
  f:\github\lviewlol\lview\herotrackerview.cpp(19): note: see reference to function template instantiation 'T ConfigSet::Get<float>(std::string,T)' being compiled
          with
          [
              T=float
          ]
  imgui.cpp
  imgui_demo.cpp
  imgui_draw.cpp
  imgui_impl_dx9.cpp
  imgui_impl_win32.cpp
  imgui_tables.cpp
  imgui_widgets.cpp
  IndicatorsView.cpp
  Input.cpp
  KeySelector.cpp
  KeySelector.h
  LastHitAssistView.cpp
  c:\program files (x86)\windows kits\10\include\10.0.17763.0\um\dinput.h: DIRECTINPUT_VERSION undefined. Defaulting to version 0x0800
f:\github\lviewlol\lview\configset.h(41): warning C4244: 'return': conversion from 'float' to 'T', possible loss of data
          with
          [
              T=int
          ]
  f:\github\lviewlol\lview\lasthitassistview.cpp(23): note: see reference to function template instantiation 'T ConfigSet::Get<int>(std::string,T)' being compiled
          with
          [
              T=int
          ]
  Generating Code...
  Compiling...
  LeagueMemoryReader.cpp
f:\github\lviewlol\lview\leaguememoryreader.cpp(63): warning C4244: 'argument': conversion from 'DWORD_PTR' to 'DWORD', possible loss of data
f:\github\lviewlol\lview\leaguememoryreader.cpp(147): warning C4244: 'argument': conversion from 'DWORD_PTR' to 'DWORD', possible loss of data
f:\github\lviewlol\lview\leaguememoryreader.h(71): warning C4244: 'argument': conversion from 'DWORD_PTR' to 'DWORD', possible loss of data
  f:\github\lviewlol\lview\leaguememoryreader.cpp(75): note: see reference to function template instantiation 'void LeagueMemoryReader::ReadGameObjectList<Champion,0x0>(std::vector<Champion *,std::allocator<_Ty>> &,DWORD,DWORD,MemSnapshot &)' being compiled
          with
          [
              _Ty=Champion *
          ]
  LView.cpp
  c:\program files (x86)\windows kits\10\include\10.0.17763.0\um\dinput.h: DIRECTINPUT_VERSION undefined. Defaulting to version 0x0800
  Offsets.h
  Renderer.cpp
f:\github\lviewlol\lview\renderer.cpp(10): warning C4244: 'argument': conversion from 'DWORD_PTR' to 'DWORD', possible loss of data
f:\github\lviewlol\lview\renderer.cpp(14): warning C4244: 'argument': conversion from 'DWORD_PTR' to 'DWORD', possible loss of data
  Spell.cpp
  SpellTrackerView.cpp
  c:\program files (x86)\windows kits\10\include\10.0.17763.0\um\dinput.h: DIRECTINPUT_VERSION undefined. Defaulting to version 0x0800
  TFCardPickerView.cpp
f:\github\lviewlol\lview\configset.h(41): warning C4244: 'return': conversion from 'float' to 'T', possible loss of data
          with
          [
              T=int
          ]
  f:\github\lviewlol\lview\tfcardpickerview.cpp(22): note: see reference to function template instantiation 'T ConfigSet::Get<int>(std::string,T)' being compiled
          with
          [
              T=int
          ]
  TFCardPickerView.h
  UI.cpp
  c:\program files (x86)\windows kits\10\include\10.0.17763.0\um\dinput.h: DIRECTINPUT_VERSION undefined. Defaulting to version 0x0800
f:\github\lviewlol\lview\ui.cpp(25): warning C4244: 'argument': conversion from 'time_t' to 'unsigned int', possible loss of data
  Utils.cpp
f:\github\lviewlol\lview\utils.cpp(16): warning C4312: 'type cast': conversion from 'DWORD' to 'DWORD *' of greater size
f:\github\lviewlol\lview\utils.cpp(18): warning C4244: 'return': conversion from 'DWORD_PTR' to 'DWORD', possible loss of data
f:\github\lviewlol\lview\utils.cpp(25): warning C4312: 'type cast': conversion from 'DWORD' to 'DWORD *' of greater size
  VisionTrackerView.cpp
  c:\program files (x86)\windows kits\10\include\10.0.17763.0\um\dinput.h: DIRECTINPUT_VERSION undefined. Defaulting to version 0x0800
  Generating Code...
x64\Debug\KeySelector.obj : warning LNK4042: object specified more than once; extras ignored
x64\Debug\TFCardPickerView.obj : warning LNK4042: object specified more than once; extras ignored
imgui_impl_win32.obj : error LNK2019: unresolved external symbol XInputGetState referenced in function "void __cdecl ImGui_ImplWin32_UpdateGamepads(void)" (?ImGui_ImplWin32_UpdateGamepads@@YAXXZ)
imgui_impl_win32.obj : error LNK2019: unresolved external symbol XInputGetCapabilities referenced in function "void __cdecl ImGui_ImplWin32_UpdateGamepads(void)" (?ImGui_ImplWin32_UpdateGamepads@@YAXXZ)
UI.obj : error LNK2019: unresolved external symbol Direct3DCreate9 referenced in function "private: bool __cdecl UI::CreateDeviceD3D(struct HWND__ *)" (?CreateDeviceD3D@UI@@AEAA_NPEAUHWND__@@@Z)
F:\Github\LViewLoL\LView\external_libs\d3d9.lib : warning LNK4272: library machine type 'x86' conflicts with target machine type 'x64'
F:\Github\LViewLoL\LView\external_libs\d3dx9.lib : warning LNK4272: library machine type 'x86' conflicts with target machine type 'x64'
F:\Github\LViewLoL\LView\external_libs\xinput.lib : warning LNK4272: library machine type 'x86' conflicts with target machine type 'x64'
F:\Github\LViewLoL\x64\Debug\LView.exe : fatal error LNK1120: 3 unresolved externals
