f:\github\lviewlol\lview\release\vc141.pdb
f:\github\lviewlol\lview\release\spell.obj
f:\github\lviewlol\lview\release\scriptmanager.obj
f:\github\lviewlol\lview\release\script.obj
f:\github\lviewlol\lview\release\gamerenderer.obj
f:\github\lviewlol\lview\release\offsets.obj
f:\github\lviewlol\lview\release\lview.obj
f:\github\lviewlol\lview\release\leaguememoryreader.obj
f:\github\lviewlol\lview\release\item.obj
f:\github\lviewlol\lview\release\input.obj
f:\github\lviewlol\lview\release\imgui_widgets.obj
f:\github\lviewlol\lview\release\imgui_tables.obj
f:\github\lviewlol\lview\release\imgui_impl_win32.obj
f:\github\lviewlol\lview\release\imgui_impl_dx9.obj
f:\github\lviewlol\lview\release\imgui_draw.obj
f:\github\lviewlol\lview\release\imgui_demo.obj
f:\github\lviewlol\lview\release\imgui.obj
f:\github\lviewlol\lview\release\gameobject.obj
f:\github\lviewlol\lview\release\configset.obj
f:\github\lviewlol\lview\release\champion.obj
f:\github\lviewlol\lview\release\utils.obj
f:\github\lviewlol\lview\release\ui.obj
f:\github\lviewlol\release\consoleapplication.exe
f:\github\lviewlol\release\consoleapplication.pdb
f:\github\lviewlol\release\consoleapplication.lib
f:\github\lviewlol\release\consoleapplication.exp
f:\github\lviewlol\release\consoleapplication.ipdb
f:\github\lviewlol\release\consoleapplication.iobj
f:\github\lviewlol\lview\release\lview.tlog\cl.command.1.tlog
f:\github\lviewlol\lview\release\lview.tlog\cl.read.1.tlog
f:\github\lviewlol\lview\release\lview.tlog\cl.write.1.tlog
f:\github\lviewlol\lview\release\lview.tlog\link.command.1.tlog
f:\github\lviewlol\lview\release\lview.tlog\link.read.1.tlog
f:\github\lviewlol\lview\release\lview.tlog\link.write.1.tlog
f:\github\lviewlol\lview\release\lview.tlog\lview.write.1u.tlog
