f:\github\lview\lview\release\vc141.pdb
f:\github\lview\lview\release\utils.obj
f:\github\lview\lview\release\ui.obj
f:\github\lview\lview\release\structs.obj
f:\github\lview\lview\release\offsets.obj
f:\github\lview\lview\release\lview.obj
f:\github\lview\lview\release\leagueprocesshook.obj
f:\github\lview\lview\release\imgui_widgets.obj
f:\github\lview\lview\release\imgui_tables.obj
f:\github\lview\lview\release\imgui_impl_win32.obj
f:\github\lview\lview\release\imgui_impl_dx9.obj
f:\github\lview\lview\release\imgui_draw.obj
f:\github\lview\lview\release\imgui_demo.obj
f:\github\lview\lview\release\imgui.obj
f:\github\lviewlol\lview\release\vc141.pdb
f:\github\lviewlol\lview\release\utils.obj
f:\github\lviewlol\lview\release\ui.obj
f:\github\lviewlol\lview\release\structs.obj
f:\github\lviewlol\lview\release\spelltrackerview.obj
f:\github\lviewlol\lview\release\offsets.obj
f:\github\lviewlol\lview\release\lview.obj
f:\github\lviewlol\lview\release\leagueprocesshook.obj
f:\github\lviewlol\lview\release\imgui_widgets.obj
f:\github\lviewlol\lview\release\imgui_tables.obj
f:\github\lviewlol\lview\release\imgui_impl_win32.obj
f:\github\lviewlol\lview\release\imgui_impl_dx9.obj
f:\github\lviewlol\lview\release\imgui_draw.obj
f:\github\lviewlol\lview\release\imgui_demo.obj
f:\github\lviewlol\lview\release\imgui.obj
f:\github\lviewlol\lview\release\herotrackerview.obj
f:\github\lviewlol\lview\release\debugview.obj
f:\github\lview\release\lview.exe
f:\github\lview\release\lview.pdb
f:\github\lviewlol\release\lview.exe
f:\github\lviewlol\release\lview.pdb
f:\github\lview\release\lview.ipdb
f:\github\lview\release\lview.iobj
f:\github\lviewlol\release\lview.ipdb
f:\github\lviewlol\release\lview.iobj
f:\github\lviewlol\lview\release\lview.tlog\cl.command.1.tlog
f:\github\lviewlol\lview\release\lview.tlog\cl.read.1.tlog
f:\github\lviewlol\lview\release\lview.tlog\cl.write.1.tlog
f:\github\lviewlol\lview\release\lview.tlog\link.command.1.tlog
f:\github\lviewlol\lview\release\lview.tlog\link.read.1.tlog
f:\github\lviewlol\lview\release\lview.tlog\link.write.1.tlog
f:\github\lviewlol\lview\release\lview.tlog\lview.write.1u.tlog
