  BaseView.cpp
  DebugView.cpp
  HeroTrackerView.cpp
  imgui.cpp
  imgui_demo.cpp
  imgui_draw.cpp
  imgui_impl_dx9.cpp
  imgui_impl_win32.cpp
  imgui_tables.cpp
  imgui_widgets.cpp
  LeagueMemoryReader.cpp
  LView.cpp
  Offsets.h
  SpellTrackerView.cpp
  Structs.cpp
f:\github\lviewlol\lview\structs.cpp(116): warning C4244: 'initializing': conversion from 'double' to 'float', possible loss of data
  Structs.h
  UI.cpp
  c:\program files (x86)\windows kits\10\include\10.0.17763.0\um\dinput.h: DIRECTINPUT_VERSION undefined. Defaulting to version 0x0800
  Utils.cpp
  VisionTrackerView.cpp
Release\Structs.obj : warning LNK4042: object specified more than once; extras ignored
  Generating code
  All 2024 functions were compiled because no usable IPDB/IOBJ from previous compilation was found.
  Finished generating code
  LView.vcxproj -> F:\Github\LViewLoL\Release\LView.exe
